During startup - Warning message:
Setting LC_CTYPE failed, using "C" 
Loading required package: methods
rgdal: version: 1.3-6, (SVN revision 773)
 Geospatial Data Abstraction Library extensions to R successfully loaded
 Loaded GDAL runtime: GDAL 2.2.1, released 2017/06/23
 Path to GDAL shared files: /usr/share/gdal/2.2
 GDAL binary built with GEOS: TRUE 
 Loaded PROJ.4 runtime: Rel. 4.9.3, 15 August 2016, [PJ_VERSION: 493]
 Path to PROJ.4 shared files: (autodetected)
 Linking to sp version: 1.3-1 
rgeos version: 0.4-2, (SVN revision 581)
 GEOS runtime version: 3.5.1-CAPI-1.9.1 
 Linking to sp version: 1.3-1 
 Polygon checking: TRUE 

[1] "read data"
[1] "Mercator projection"
[1] "create STIDF"
[1] "creating variogram"
[1] "done"
